<?xml version="1.0" encoding="utf-8"?><testsuites><testsuite errors="0" failures="0" hostname="DESKTOP-09HVA8R" name="pytest" skipped="0" tests="3" time="38.600" timestamp="2020-09-03T21:40:54.905501"><testcase classname="test_HomePage.TestHomePage" file="test_HomePage.py" line="36" name="test_formSubmission[getData0]" time="12.149"></testcase><testcase classname="test_HomePage.TestHomePage" file="test_HomePage.py" line="36" name="test_formSubmission[getData1]" time="4.058"></testcase><testcase classname="test_e2e.TestOne" file="test_e2e.py" line="13" name="test_e2e" time="22.125"></testcase></testsuite></testsuites>